            --------------------------------------------------------
                             AMBER SQM VERSION 19
 
                                     By
              Ross C. Walker, Michael F. Crowley, Scott Brozell,
                         Tim Giese, Andreas W. Goetz,
                        Tai-Sung Lee and David A. Case
 
            --------------------------------------------------------
 

--------------------------------------------------------------------------------
  QM CALCULATION INFO
--------------------------------------------------------------------------------

| QMMM: Citation for AMBER QMMM Run:
| QMMM: R.C. Walker, M.F. Crowley and D.A. Case, J. COMP. CHEM. 29:1019, 2008

QMMM: SINGLET STATE CALCULATION
QMMM: RHF CALCULATION, NO. OF DOUBLY OCCUPIED LEVELS = 20

| QMMM: *** Selected Hamiltonian *** 
| QMMM: AM1         

| QMMM: *** Parameter sets in use ***
| QMMM: C : M.J.S.DEWAR et al. JACS, 107, 3902, (1985)
| QMMM: H : M.J.S.DEWAR et al. JACS, 107, 3902, (1985)

| QMMM: *** SCF convergence criteria ***
| QMMM: Energy change                :  0.1D-09 kcal/mol
| QMMM: Error matrix |FP-PF|         :  0.1D+00 au
| QMMM: Density matrix change        :  0.5D-06
| QMMM: Maximum number of SCF cycles :     1000

| QMMM: *** Diagonalization Routine Information ***
| QMMM: Pseudo diagonalizations are allowed.
| QMMM: Auto diagonalization routine selection is in use.
| QMMM:
| QMMM: Timing diagonalization routines:
| QMMM:                              norbs =       40
| QMMM:    diag iterations used for timing =       20
| QMMM:
| QMMM:              Internal diag routine = 0.007138 seconds
| QMMM:                 Dspev diag routine = 0.013730 seconds
| QMMM:                Dspevd diag routine = 0.016324 seconds
| QMMM:                Dspevx diag routine = 0.053651 seconds
| QMMM:                 Dsyev diag routine = 0.006068 seconds
| QMMM:                Dsyevd diag routine = 0.004866 seconds
| QMMM:                Dsyevr diag routine = 0.006478 seconds
| QMMM:
| QMMM:                Pseudo diag routine = 0.001646 seconds
| QMMM:
| QMMM: Using dsyevd routine (diag_routine=6).

  QMMM: QM Region Cartesian Coordinates (*=link atom) 
  QMMM: QM_NO.   MM_NO.  ATOM         X         Y         Z
  QMMM:     1        1      C        1.1160   -0.1590   -0.0790
  QMMM:     2        2      C        0.3620   -0.2250    1.0270
  QMMM:     3        3      C       -1.1050   -0.3130    1.0360
  QMMM:     4        4      C       -1.8240   -0.9370    0.0080
  QMMM:     5        5      C       -3.2160   -1.0340    0.0660
  QMMM:     6        6      C       -3.9060   -0.5190    1.1610
  QMMM:     7        7      C       -3.2040    0.0920    2.1970
  QMMM:     8        8      C       -1.8110    0.1910    2.1370
  QMMM:     9        9      H        0.6900   -0.1510   -1.0770
  QMMM:    10       10      H        2.1970   -0.0980   -0.0050
  QMMM:    11       11      H        0.8490   -0.2030    2.0000
  QMMM:    12       12      H       -1.3090   -1.3660   -0.8480
  QMMM:    13       13      H       -3.7590   -1.5180   -0.7420
  QMMM:    14       14      H       -4.9890   -0.5990    1.2080
  QMMM:    15       15      H       -3.7400    0.4900    3.0550
  QMMM:    16       16      H       -1.2830    0.6720    2.9570

--------------------------------------------------------------------------------
  RESULTS
--------------------------------------------------------------------------------

      iter         sqm energy              rms gradient
      ----    -------------------    -----------------------
xmin    10       38.5950 kcal/mol        0.4843 kcal/(mol*A)
xmin    20       38.5800 kcal/mol        0.2352 kcal/(mol*A)
xmin    30       38.5713 kcal/mol        0.1045 kcal/(mol*A)
xmin    40       38.5634 kcal/mol        0.0956 kcal/(mol*A)
xmin    50       38.5608 kcal/mol        0.0339 kcal/(mol*A)
xmin    60       38.5590 kcal/mol        0.0271 kcal/(mol*A)
xmin    70       38.5585 kcal/mol        0.0389 kcal/(mol*A)
xmin    80       38.5582 kcal/mol        0.0151 kcal/(mol*A)
xmin    90       38.5579 kcal/mol        0.0388 kcal/(mol*A)
xmin   100       38.5577 kcal/mol        0.0133 kcal/(mol*A)
xmin   110       38.5577 kcal/mol        0.0160 kcal/(mol*A)
xmin   120       38.5576 kcal/mol        0.0123 kcal/(mol*A)
xmin   130       38.5576 kcal/mol        0.0062 kcal/(mol*A)
xmin   140       38.5575 kcal/mol        0.0025 kcal/(mol*A)
xmin   150       38.5575 kcal/mol        0.0070 kcal/(mol*A)
xmin   160       38.5575 kcal/mol        0.0022 kcal/(mol*A)
xmin   170       38.5575 kcal/mol        0.0022 kcal/(mol*A)
xmin   180       38.5575 kcal/mol        0.0021 kcal/(mol*A)
xmin   190       38.5575 kcal/mol        0.0019 kcal/(mol*A)
xmin   200       38.5575 kcal/mol        0.0026 kcal/(mol*A)
  ... geometry converged !
 
 Final MO eigenvalues (eV):
 -39.5482  -34.7374  -31.4696  -30.0480  -24.2241  -23.1245  -20.5451  -17.5960
 -16.3810  -15.7876  -14.8674  -14.1999  -14.1316  -13.5327  -12.5832  -11.9349
 -11.7348  -11.1413   -9.6874   -9.0322    0.0585    0.5559    1.6519    3.0494
   3.7713    3.9154    4.0140    4.1227    4.1876    4.4707    4.5227    4.7812
   5.0346    5.1506    5.3358    5.4519    5.6505    5.6984    5.9055    6.1073


 Heat of formation   =         38.55751801 kcal/mol  (        1.67197945 eV)

 Total SCF energy    =     -26136.94670983 kcal/mol  (    -1133.38305840 eV)
 Electronic energy   =    -115014.87149653 kcal/mol  (    -4987.41908402 eV)
 Core-core repulsion =      88877.92478670 kcal/mol  (     3854.03602561 eV)
 
    Atomic Charges for Step       1 :
  Atom    Element       Mulliken Charge
     1      C                 -0.209
     2      C                 -0.125
     3      C                 -0.046
     4      C                 -0.118
     5      C                 -0.131
     6      C                 -0.127
     7      C                 -0.131
     8      C                 -0.119
     9      H                  0.113
    10      H                  0.114
    11      H                  0.123
    12      H                  0.132
    13      H                  0.131
    14      H                  0.131
    15      H                  0.131
    16      H                  0.131
 Total Mulliken Charge =      -0.000
 
                  X        Y        Z     TOTAL  
  QM DIPOLE     0.011    0.008   -0.016    0.021
 
 Final Structure

  QMMM: QM Region Cartesian Coordinates (*=link atom) 
  QMMM: QM_NO.   MM_NO.  ATOM         X         Y         Z
  QMMM:     1        1      C        1.1028   -0.2227   -0.0759
  QMMM:     2        2      C        0.3437   -0.1716    1.0201
  QMMM:     3        3      C       -1.1054   -0.3018    1.0468
  QMMM:     4        4      C       -1.8156   -0.8934   -0.0073
  QMMM:     5        5      C       -3.2036   -1.0042    0.0508
  QMMM:     6        6      C       -3.9001   -0.5271    1.1604
  QMMM:     7        7      C       -3.2021    0.0599    2.2163
  QMMM:     8        8      C       -1.8151    0.1699    2.1631
  QMMM:     9        9      H        0.6965   -0.3679   -1.0851
  QMMM:    10       10      H        2.1943   -0.1147   -0.0279
  QMMM:    11       11      H        0.8094   -0.0080    2.0092
  QMMM:    12       12      H       -1.2744   -1.2785   -0.8844
  QMMM:    13       13      H       -3.7498   -1.4709   -0.7821
  QMMM:    14       14      H       -4.9952   -0.6144    1.2043
  QMMM:    15       15      H       -3.7481    0.4363    3.0938
  QMMM:    16       16      H       -1.2694    0.6323    2.9992

           --------- Calculation Completed ----------

