            --------------------------------------------------------
                             AMBER SQM VERSION 19
 
                                     By
              Ross C. Walker, Michael F. Crowley, Scott Brozell,
                         Tim Giese, Andreas W. Goetz,
                        Tai-Sung Lee and David A. Case
 
            --------------------------------------------------------
 

--------------------------------------------------------------------------------
  QM CALCULATION INFO
--------------------------------------------------------------------------------

| QMMM: Citation for AMBER QMMM Run:
| QMMM: R.C. Walker, M.F. Crowley and D.A. Case, J. COMP. CHEM. 29:1019, 2008

QMMM: SINGLET STATE CALCULATION
QMMM: RHF CALCULATION, NO. OF DOUBLY OCCUPIED LEVELS = 19

| QMMM: *** Selected Hamiltonian *** 
| QMMM: AM1         

| QMMM: *** Parameter sets in use ***
| QMMM: H : M.J.S.DEWAR et al. JACS, 107, 3902, (1985)
| QMMM: C : M.J.S.DEWAR et al. JACS, 107, 3902, (1985)

| QMMM: *** SCF convergence criteria ***
| QMMM: Energy change                :  0.1D-09 kcal/mol
| QMMM: Error matrix |FP-PF|         :  0.1D+00 au
| QMMM: Density matrix change        :  0.5D-06
| QMMM: Maximum number of SCF cycles :     1000

| QMMM: *** Diagonalization Routine Information ***
| QMMM: Pseudo diagonalizations are allowed.
| QMMM: Auto diagonalization routine selection is in use.
| QMMM:
| QMMM: Timing diagonalization routines:
| QMMM:                              norbs =       38
| QMMM:    diag iterations used for timing =       20
| QMMM:
| QMMM:              Internal diag routine = 0.003035 seconds
| QMMM:                 Dspev diag routine = 0.009373 seconds
| QMMM:                Dspevd diag routine = 0.003432 seconds
| QMMM:                Dspevx diag routine = 0.011776 seconds
| QMMM:                 Dsyev diag routine = 0.003665 seconds
| QMMM:                Dsyevd diag routine = 0.002799 seconds
| QMMM:                Dsyevr diag routine = 0.004963 seconds
| QMMM:
| QMMM:                Pseudo diag routine = 0.000824 seconds
| QMMM:
| QMMM: Using dsyevd routine (diag_routine=6).

  QMMM: QM Region Cartesian Coordinates (*=link atom) 
  QMMM: QM_NO.   MM_NO.  ATOM         X         Y         Z
  QMMM:     1        1      H        0.9560    0.0860   -0.0740
  QMMM:     2        2      C        2.0510    0.0870   -0.0640
  QMMM:     3        3      H        2.3970   -0.8430   -0.5260
  QMMM:     4        4      H        2.3970    0.9250   -0.6780
  QMMM:     5        5      C        2.5670    0.2080    1.3580
  QMMM:     6        6      H        2.1840    1.1330    1.8070
  QMMM:     7        7      H        2.1840   -0.6260    1.9570
  QMMM:     8        8      C        4.0950    0.2110    1.3860
  QMMM:     9        9      H        4.4720   -0.7130    0.9320
  QMMM:    10       10      H        4.4720    1.0460    0.7830
  QMMM:    11       11      C        4.6190    0.3310    2.8140
  QMMM:    12       12      H        4.2400    1.2540    3.2690
  QMMM:    13       13      H        4.2430   -0.5040    3.4170
  QMMM:    14       14      C        6.1460    0.3360    2.8420
  QMMM:    15       15      H        6.5310   -0.5870    2.3920
  QMMM:    16       16      H        6.5290    1.1720    2.2450
  QMMM:    17       17      C        6.6630    0.4550    4.2650
  QMMM:    18       18      H        6.3150    1.3840    4.7290
  QMMM:    19       19      H        6.3180   -0.3840    4.8770
  QMMM:    20       20      H        7.7580    0.4580    4.2750

--------------------------------------------------------------------------------
  RESULTS
--------------------------------------------------------------------------------

      iter         sqm energy              rms gradient
      ----    -------------------    -----------------------
xmin    10      -44.9328 kcal/mol        0.0007 kcal/(mol*A)
  ... geometry converged !
 
 Final MO eigenvalues (eV):
 -37.2411  -34.1016  -29.5975  -24.8568  -21.6727  -21.5205  -16.6400  -15.1980
 -15.1453  -14.6251  -13.4856  -13.3905  -13.1535  -12.1060  -12.0444  -11.7526
 -11.3759  -11.3389  -11.0846    3.7353    3.7406    4.0085    4.2638    4.2649
   4.3829    4.5691    4.6650    4.7365    4.7725    4.9401    4.9690    5.0800
   5.1033    5.1882    5.2161    5.2954    5.3375    5.3893

 Heat of formation   =        -44.93281957 kcal/mol  (       -1.94843327 eV)

 Total SCF energy    =     -22195.88101483 kcal/mol  (     -962.48562572 eV)
 Electronic energy   =    -100383.53418036 kcal/mol  (    -4352.95668793 eV)
 Core-core repulsion =      78187.65316553 kcal/mol  (     3390.47106221 eV)
 
    Atomic Charges for Step       1 :
  Atom    Element       Mulliken Charge
     1      H                  0.072
     2      C                 -0.210
     3      H                  0.072
     4      H                  0.072
     5      C                 -0.159
     6      H                  0.078
     7      H                  0.078
     8      C                 -0.158
     9      H                  0.078
    10      H                  0.078
    11      C                 -0.158
    12      H                  0.078
    13      H                  0.078
    14      C                 -0.159
    15      H                  0.078
    16      H                  0.078
    17      C                 -0.210
    18      H                  0.072
    19      H                  0.072
    20      H                  0.072
 Total Mulliken Charge =       0.000
 
                  X        Y        Z     TOTAL  
  QM DIPOLE    -0.000   -0.000    0.000    0.000
 
 Final Structure

  QMMM: QM Region Cartesian Coordinates (*=link atom) 
  QMMM: QM_NO.   MM_NO.  ATOM         X         Y         Z
  QMMM:     1        1      H        0.9469    0.0878   -0.0549
  QMMM:     2        2      C        2.0636    0.0880   -0.0520
  QMMM:     3        3      H        2.4176   -0.8603   -0.5240
  QMMM:     4        4      H        2.4177    0.9429   -0.6775
  QMMM:     5        5      C        2.5841    0.2079    1.3569
  QMMM:     6        6      H        2.1977    1.1531    1.8223
  QMMM:     7        7      H        2.1984   -0.6454    1.9751
  QMMM:     8        8      C        4.0977    0.2115    1.3919
  QMMM:     9        9      H        4.4859   -0.7332    0.9277
  QMMM:    10       10      H        4.4852    1.0654    0.7759
  QMMM:    11       11      C        4.6160    0.3313    2.8087
  QMMM:    12       12      H        4.2273    1.2757    3.2731
  QMMM:    13       13      H        4.2290   -0.5229    3.4246
  QMMM:    14       14      C        6.1296    0.3358    2.8437
  QMMM:    15       15      H        6.5166   -0.6085    2.3771
  QMMM:    16       16      H        6.5148    1.1901    2.2264
  QMMM:    17       17      C        6.6501    0.4543    4.2527
  QMMM:    18       18      H        6.2948    1.4015    4.7261
  QMMM:    19       19      H        6.2972   -0.4020    4.8769
  QMMM:    20       20      H        7.7668    0.4560    4.2555

           --------- Calculation Completed ----------

