            --------------------------------------------------------
                             AMBER SQM VERSION 19
 
                                     By
              Ross C. Walker, Michael F. Crowley, Scott Brozell,
                         Tim Giese, Andreas W. Goetz,
                        Tai-Sung Lee and David A. Case
 
            --------------------------------------------------------
 

--------------------------------------------------------------------------------
  QM CALCULATION INFO
--------------------------------------------------------------------------------

| QMMM: Citation for AMBER QMMM Run:
| QMMM: R.C. Walker, M.F. Crowley and D.A. Case, J. COMP. CHEM. 29:1019, 2008

QMMM: SINGLET STATE CALCULATION
QMMM: RHF CALCULATION, NO. OF DOUBLY OCCUPIED LEVELS = 19

| QMMM: *** Selected Hamiltonian *** 
| QMMM: AM1         

| QMMM: *** Parameter sets in use ***
| QMMM: C : M.J.S.DEWAR et al. JACS, 107, 3902, (1985)
| QMMM: H : M.J.S.DEWAR et al. JACS, 107, 3902, (1985)

| QMMM: *** SCF convergence criteria ***
| QMMM: Energy change                :  0.1D-09 kcal/mol
| QMMM: Error matrix |FP-PF|         :  0.1D+00 au
| QMMM: Density matrix change        :  0.5D-06
| QMMM: Maximum number of SCF cycles :     1000

| QMMM: *** Diagonalization Routine Information ***
| QMMM: Pseudo diagonalizations are allowed.
| QMMM: Auto diagonalization routine selection is in use.
| QMMM:
| QMMM: Timing diagonalization routines:
| QMMM:                              norbs =       38
| QMMM:    diag iterations used for timing =       20
| QMMM:
| QMMM:              Internal diag routine = 0.002267 seconds
| QMMM:                 Dspev diag routine = 0.002367 seconds
| QMMM:                Dspevd diag routine = 0.001964 seconds
| QMMM:                Dspevx diag routine = 0.009958 seconds
| QMMM:                 Dsyev diag routine = 0.002588 seconds
| QMMM:                Dsyevd diag routine = 0.002205 seconds
| QMMM:                Dsyevr diag routine = 0.002706 seconds
| QMMM:
| QMMM:                Pseudo diag routine = 0.000504 seconds
| QMMM:
| QMMM: Using dspevd routine (diag_routine=3).

  QMMM: QM Region Cartesian Coordinates (*=link atom) 
  QMMM: QM_NO.   MM_NO.  ATOM         X         Y         Z
  QMMM:     1        1      C        1.0330   -0.0430    0.0710
  QMMM:     2        2      C        2.5510   -0.0490    0.0600
  QMMM:     3        3      C        3.0870   -0.9680   -1.0360
  QMMM:     4        4      C        4.6140   -0.9780   -1.0480
  QMMM:     5        5      C        5.1500   -1.8950   -2.1450
  QMMM:     6        6      C        6.6680   -1.9030   -2.1540
  QMMM:     7        7      H        0.6600    0.6180    0.8590
  QMMM:     8        8      H        0.6390   -1.0480    0.2540
  QMMM:     9        9      H        0.6370    0.3110   -0.8870
  QMMM:    10       10      H        2.9200   -0.3800    1.0390
  QMMM:    11       11      H        2.9170    0.9730   -0.0960
  QMMM:    12       12      H        2.7140   -0.6340   -2.0120
  QMMM:    13       13      H        2.7140   -1.9870   -0.8780
  QMMM:    14       14      H        4.9870   -1.3130   -0.0730
  QMMM:    15       15      H        4.9870    0.0410   -1.2050
  QMMM:    16       16      H        4.7830   -1.5630   -3.1230
  QMMM:    17       17      H        4.7830   -2.9170   -1.9910
  QMMM:    18       18      H        7.0630   -0.8980   -2.3350
  QMMM:    19       19      H        7.0410   -2.5630   -2.9440
  QMMM:    20       20      H        7.0630   -2.2600   -1.1970

--------------------------------------------------------------------------------
  RESULTS
--------------------------------------------------------------------------------

      iter         sqm energy              rms gradient
      ----    -------------------    -----------------------
xmin    10      -44.9328 kcal/mol        0.0018 kcal/(mol*A)
xmin    20      -44.9328 kcal/mol        0.0008 kcal/(mol*A)
  ... geometry converged !
 
 Final MO eigenvalues (eV):
 -37.2411  -34.1016  -29.5975  -24.8567  -21.6727  -21.5205  -16.6400  -15.1980
 -15.1453  -14.6251  -13.4856  -13.3905  -13.1535  -12.1060  -12.0444  -11.7526
 -11.3759  -11.3389  -11.0846    3.7353    3.7406    4.0085    4.2638    4.2649
   4.3829    4.5691    4.6650    4.7365    4.7725    4.9401    4.9690    5.0800
   5.1033    5.1882    5.2161    5.2954    5.3375    5.3893

 Heat of formation   =        -44.93282123 kcal/mol  (       -1.94843334 eV)

 Total SCF energy    =     -22195.88101649 kcal/mol  (     -962.48562580 eV)
 Electronic energy   =    -100383.50649374 kcal/mol  (    -4352.95548735 eV)
 Core-core repulsion =      78187.62547725 kcal/mol  (     3390.46986155 eV)
 
    Atomic Charges for Step       1 :
  Atom    Element       Mulliken Charge
     1      C                 -0.210
     2      C                 -0.159
     3      C                 -0.158
     4      C                 -0.158
     5      C                 -0.159
     6      C                 -0.210
     7      H                  0.072
     8      H                  0.072
     9      H                  0.072
    10      H                  0.078
    11      H                  0.078
    12      H                  0.078
    13      H                  0.078
    14      H                  0.078
    15      H                  0.078
    16      H                  0.078
    17      H                  0.078
    18      H                  0.072
    19      H                  0.072
    20      H                  0.072
 Total Mulliken Charge =      -0.000
 
                  X        Y        Z     TOTAL  
  QM DIPOLE     0.000   -0.000    0.000    0.000
 
 Final Structure

  QMMM: QM Region Cartesian Coordinates (*=link atom) 
  QMMM: QM_NO.   MM_NO.  ATOM         X         Y         Z
  QMMM:     1        1      C        1.0492   -0.0483    0.0641
  QMMM:     2        2      C        2.5559   -0.0597    0.0486
  QMMM:     3        3      C        3.0939   -0.9684   -1.0363
  QMMM:     4        4      C        4.6072   -0.9772   -1.0478
  QMMM:     5        5      C        5.1452   -1.8854   -2.1331
  QMMM:     6        6      C        6.6519   -1.8976   -2.1478
  QMMM:     7        7      H        0.6741    0.6272    0.8703
  QMMM:     8        8      H        0.6489   -1.0745    0.2491
  QMMM:     9        9      H        0.6474    0.3124   -0.9136
  QMMM:    10       10      H        2.9405   -0.4009    1.0461
  QMMM:    11       11      H        2.9391    0.9825   -0.1133
  QMMM:    12       12      H        2.7118   -0.6277   -2.0347
  QMMM:    13       13      H        2.7127   -2.0113   -0.8755
  QMMM:    14       14      H        4.9892   -1.3183   -0.0496
  QMMM:    15       15      H        4.9884    0.0657   -1.2083
  QMMM:    16       16      H        4.7612   -1.5434   -3.1305
  QMMM:    17       17      H        4.7614   -2.9275   -1.9721
  QMMM:    18       18      H        7.0528   -0.8715   -2.3317
  QMMM:    19       19      H        7.0270   -2.5725   -2.9545
  QMMM:    20       20      H        7.0530   -2.2595   -1.1703

           --------- Calculation Completed ----------

