            --------------------------------------------------------
                             AMBER SQM VERSION 19
 
                                     By
              Ross C. Walker, Michael F. Crowley, Scott Brozell,
                         Tim Giese, Andreas W. Goetz,
                        Tai-Sung Lee and David A. Case
 
            --------------------------------------------------------
 

--------------------------------------------------------------------------------
  QM CALCULATION INFO
--------------------------------------------------------------------------------

| QMMM: Citation for AMBER QMMM Run:
| QMMM: R.C. Walker, M.F. Crowley and D.A. Case, J. COMP. CHEM. 29:1019, 2008

QMMM: SINGLET STATE CALCULATION
QMMM: RHF CALCULATION, NO. OF DOUBLY OCCUPIED LEVELS = 19

| QMMM: *** Selected Hamiltonian *** 
| QMMM: AM1         

| QMMM: *** Parameter sets in use ***
| QMMM: H : M.J.S.DEWAR et al. JACS, 107, 3902, (1985)
| QMMM: C : M.J.S.DEWAR et al. JACS, 107, 3902, (1985)

| QMMM: *** SCF convergence criteria ***
| QMMM: Energy change                :  0.1D-09 kcal/mol
| QMMM: Error matrix |FP-PF|         :  0.1D+00 au
| QMMM: Density matrix change        :  0.5D-06
| QMMM: Maximum number of SCF cycles :     1000

| QMMM: *** Diagonalization Routine Information ***
| QMMM: Pseudo diagonalizations are allowed.
| QMMM: Auto diagonalization routine selection is in use.
| QMMM:
| QMMM: Timing diagonalization routines:
| QMMM:                              norbs =       38
| QMMM:    diag iterations used for timing =       20
| QMMM:
| QMMM:              Internal diag routine = 0.004933 seconds
| QMMM:                 Dspev diag routine = 0.008973 seconds
| QMMM:                Dspevd diag routine = 0.004629 seconds
| QMMM:                Dspevx diag routine = 0.024702 seconds
| QMMM:                 Dsyev diag routine = 0.006658 seconds
| QMMM:                Dsyevd diag routine = 0.004928 seconds
| QMMM:                Dsyevr diag routine = 0.007219 seconds
| QMMM:
| QMMM:                Pseudo diag routine = 0.001075 seconds
| QMMM:
| QMMM: Using dspevd routine (diag_routine=3).

  QMMM: QM Region Cartesian Coordinates (*=link atom) 
  QMMM: QM_NO.   MM_NO.  ATOM         X         Y         Z
  QMMM:     1        1      H        0.9870   -0.0510   -0.0920
  QMMM:     2        2      C        2.0820   -0.0570   -0.0840
  QMMM:     3        3      H        2.4280   -0.5210   -1.0130
  QMMM:     4        4      H        2.4280    0.9820   -0.0700
  QMMM:     5        5      C        2.5990   -0.8160    1.1250
  QMMM:     6        6      H        2.2150   -0.3480    2.0400
  QMMM:     7        7      H        2.2150   -1.8430    1.1010
  QMMM:     8        8      C        4.1260   -0.8310    1.1490
  QMMM:     9        9      H        4.5030   -1.2950    0.2300
  QMMM:    10       10      H        4.5030    0.1990    1.1700
  QMMM:    11       11      C        4.6500   -1.5950    2.3620
  QMMM:    12       12      H        4.2710   -1.1320    3.2810
  QMMM:    13       13      H        4.2740   -2.6240    2.3400
  QMMM:    14       14      C        6.1780   -1.6080    2.3870
  QMMM:    15       15      H        6.5620   -2.0740    1.4720
  QMMM:    16       16      H        6.5600   -0.5810    2.4130
  QMMM:    17       17      C        6.6940   -2.3690    3.5950
  QMMM:    18       18      H        6.3470   -1.9070    4.5240
  QMMM:    19       19      H        6.3490   -3.4080    3.5780
  QMMM:    20       20      H        7.7890   -2.3730    3.6040

--------------------------------------------------------------------------------
  RESULTS
--------------------------------------------------------------------------------

      iter         sqm energy              rms gradient
      ----    -------------------    -----------------------
xmin    10      -44.9328 kcal/mol        0.0010 kcal/(mol*A)
  ... geometry converged !
 
 Final MO eigenvalues (eV):
 -37.2411  -34.1016  -29.5975  -24.8567  -21.6727  -21.5205  -16.6400  -15.1980
 -15.1453  -14.6251  -13.4856  -13.3905  -13.1535  -12.1060  -12.0444  -11.7526
 -11.3759  -11.3389  -11.0846    3.7353    3.7406    4.0085    4.2638    4.2649
   4.3829    4.5691    4.6650    4.7365    4.7725    4.9401    4.9690    5.0800
   5.1033    5.1882    5.2161    5.2954    5.3375    5.3893

 Heat of formation   =        -44.93281939 kcal/mol  (       -1.94843326 eV)

 Total SCF energy    =     -22195.88101466 kcal/mol  (     -962.48562572 eV)
 Electronic energy   =    -100383.51047814 kcal/mol  (    -4352.95566012 eV)
 Core-core repulsion =      78187.62946348 kcal/mol  (     3390.47003441 eV)
 
    Atomic Charges for Step       1 :
  Atom    Element       Mulliken Charge
     1      H                  0.072
     2      C                 -0.210
     3      H                  0.072
     4      H                  0.072
     5      C                 -0.159
     6      H                  0.078
     7      H                  0.078
     8      C                 -0.158
     9      H                  0.078
    10      H                  0.078
    11      C                 -0.158
    12      H                  0.078
    13      H                  0.078
    14      C                 -0.159
    15      H                  0.078
    16      H                  0.078
    17      C                 -0.210
    18      H                  0.072
    19      H                  0.072
    20      H                  0.072
 Total Mulliken Charge =      -0.000
 
                  X        Y        Z     TOTAL  
  QM DIPOLE     0.000   -0.000   -0.000    0.000
 
 Final Structure

  QMMM: QM Region Cartesian Coordinates (*=link atom) 
  QMMM: QM_NO.   MM_NO.  ATOM         X         Y         Z
  QMMM:     1        1      H        0.9780   -0.0615   -0.0758
  QMMM:     2        2      C        2.0947   -0.0632   -0.0734
  QMMM:     3        3      H        2.4487   -0.5366   -1.0211
  QMMM:     4        4      H        2.4490    0.9959   -0.0584
  QMMM:     5        5      C        2.6153   -0.8155    1.1239
  QMMM:     6        6      H        2.2290   -0.3408    2.0645
  QMMM:     7        7      H        2.2293   -1.8691    1.1041
  QMMM:     8        8      C        4.1288   -0.8340    1.1539
  QMMM:     9        9      H        4.5169   -1.3090    0.2145
  QMMM:    10       10      H        4.5165    0.2186    1.1759
  QMMM:    11       11      C        4.6472   -1.5913    2.3573
  QMMM:    12       12      H        4.2585   -1.1166    3.2967
  QMMM:    13       13      H        4.2600   -2.6440    2.3349
  QMMM:    14       14      C        6.1607   -1.6089    2.3878
  QMMM:    15       15      H        6.5476   -2.0822    1.4467
  QMMM:    16       16      H        6.5461   -0.5552    2.4091
  QMMM:    17       17      C        6.6813   -2.3625    3.5843
  QMMM:    18       18      H        6.3262   -1.8910    4.5325
  QMMM:    19       19      H        6.3281   -3.4220    3.5674
  QMMM:    20       20      H        7.7980   -2.3630    3.5874

           --------- Calculation Completed ----------

